<component name="libraryTable">
  <library name="junit">
    <CLASSES>
      <root url="jar://$PROJECT_DIR$/lib/junit.jar!/" />
      <root url="jar://$PROJECT_DIR$/lib/jarjar.jar!/" />
      <root url="jar://$PROJECT_DIR$/lib/asm-util-4.0.jar!/" />
      <root url="jar://$PROJECT_DIR$/lib/asm-commons-4.0.jar!/" />
      <root url="jar://$PROJECT_DIR$/lib/asm-4.0.jar!/" />
      <root url="jar://$PROJECT_DIR$/lib/ant.jar!/" />
    </CLASSES>
    <JAVADOC />
    <SOURCES />
  </library>
</component>